<?xml version="1.0" encoding="UTF-8"?>
<!-- Generated by org.testng.reporters.JUnitXMLReporter -->
<testsuite ignored="1" hostname="LAPTOP-NVP9QN2R" failures="0" tests="2" name="Dummy Test" time="14.001" errors="0" timestamp="2026-02-12T23:57:43 IST">
  <testcase classname="tests.DummyClass" name="dummyMethod" time="2.054"/>
  <testcase classname="tests.DummyClass2" name="dummyMethod" time="2.046"/>
  <testcase classname="base.baseClass" name="@BeforeSuite loadconfig" time="0.0">
    <ignored/>
  </testcase> <!-- @BeforeSuite loadconfig -->
</testsuite> <!-- Dummy Test -->
