<?xml version="1.0" encoding="UTF-8"?>
<!-- Generated by org.testng.reporters.JUnitXMLReporter -->
<testsuite ignored="1" hostname="LAPTOP-NVP9QN2R" failures="0" tests="2" name="Dummy Test" time="16.439" errors="0" timestamp="2026-05-06T02:17:29 IST">
  <testcase classname="tests.DummyClass" name="dummyMethod" time="2.052"/>
  <testcase classname="tests.DummyClass2" name="dummyMethod" time="2.045"/>
  <testcase classname="base.baseClass" name="@BeforeSuite loadconfig" time="0.0">
    <ignored/>
  </testcase> <!-- @BeforeSuite loadconfig -->
</testsuite> <!-- Dummy Test -->
