<?xml version="1.0" encoding="UTF-8"?>
<!-- Generated by org.testng.reporters.JUnitXMLReporter -->
<testsuite ignored="2" hostname="LAPTOP-NVP9QN2R" failures="0" tests="4" name="Dummy Test two" time="15.657" errors="0" timestamp="2026-05-27T10:13:38 IST">
  <testcase classname="tests.DummyClass" name="dummyMethod" time="2.369">
    <skipped/>
  </testcase> <!-- dummyMethod -->
  <testcase classname="tests.DummyClass2" name="dummyMethod" time="4.369"/>
  <testcase classname="tests.UITestClass" name="testClassAttribute" time="5.374"/>
  <testcase classname="tests.UITestClass" name="testDynamicID" time="10.156"/>
  <testcase classname="base.baseClass" name="@BeforeSuite loadconfig" time="0.0">
    <ignored/>
  </testcase> <!-- @BeforeSuite loadconfig -->
  <testcase classname="base.baseClass" name="@BeforeSuite loadconfig" time="0.0">
    <ignored/>
  </testcase> <!-- @BeforeSuite loadconfig -->
</testsuite> <!-- Dummy Test two -->
