<?xml version="1.0" encoding="UTF-8"?>
<testsuite xmlns:xsi="http://www.w3.org/2001/XMLSchema-instance" xsi:noNamespaceSchemaLocation="https://maven.apache.org/surefire/maven-surefire-plugin/xsd/surefire-test-report-3.0.xsd" version="3.0" name="TestSuite" time="17.266" tests="4" errors="0" skipped="1" failures="0">
  <properties>
[...]
</properties>
  <testcase name="dummyMethod" classname="tests.DummyClass" time="0.0">
    <skipped message="Skipping the test as part of Testing"/>
    <system-out><![CDATA[Logger initialized for: base.baseClass
10:13:22.233 [main] INFO  base.baseClass - Configuration file loaded successfully.
10:13:22.542 [TestNG-test-Dummy Test two-2] INFO  base.baseClass - Configuration file loaded successfully.
10:13:22.543 [TestNG-test-Dummy Test two-1] INFO  base.baseClass - Configuration file loaded successfully.
10:13:22.544 [TestNG-test-Dummy Test two-4] INFO  base.baseClass - Configuration file loaded successfully.
10:13:26.134 [TestNG-test-Dummy Test two-4] INFO  base.baseClass - Chrome browser launched successfully.
10:13:26.170 [TestNG-test-Dummy Test two-1] INFO  base.baseClass - Chrome browser launched successfully.
10:13:26.202 [TestNG-test-Dummy Test two-2] INFO  base.baseClass - Chrome browser launched successfully.
10:13:27.424 [TestNG-test-Dummy Test two-1] INFO  base.baseClass - webdriver initialized and browser configured successfully.
10:13:27.425 [TestNG-test-Dummy Test two-1] TRACE base.baseClass - Trace: WebDriver setup completed in setup() method.
10:13:27.425 [TestNG-test-Dummy Test two-1] DEBUG base.baseClass - Debug: WebDriver instance created: java.lang.ThreadLocal@5c286234
10:13:27.437 [TestNG-test-Dummy Test two-1] INFO  base.baseClass - WebDriver instance is created
10:13:27.439 [TestNG-test-Dummy Test two-1] INFO  base.baseClass - ActionDriver instance is created for thread: 43
10:13:27.440 [TestNG-test-Dummy Test two-1] INFO  base.baseClass - Browser setup completed successfully.
>>> dummyMethod() called - Thread: 43
10:13:27.544 [TestNG-test-Dummy Test two-4] INFO  base.baseClass - webdriver initialized and browser configured successfully.
10:13:27.545 [TestNG-test-Dummy Test two-4] TRACE base.baseClass - Trace: WebDriver setup completed in setup() method.
10:13:27.551 [TestNG-test-Dummy Test two-4] DEBUG base.baseClass - Debug: WebDriver instance created: java.lang.ThreadLocal@5c286234
10:13:27.559 [TestNG-test-Dummy Test two-4] INFO  base.baseClass - WebDriver instance is created
10:13:27.564 [TestNG-test-Dummy Test two-4] INFO  base.baseClass - ActionDriver instance is created for thread: 46
10:13:27.565 [TestNG-test-Dummy Test two-4] INFO  base.baseClass - Browser setup completed successfully.
10:13:27.567 [TestNG-test-Dummy Test two-3] INFO  base.baseClass - Configuration file loaded successfully.
>>> setUpPages() called - Creating HomePage instance
HomePage instance created successfully: pages.HomePage@427d96e8
>>> testDynamicID() called - Thread: 46
10:13:27.738 [TestNG-test-Dummy Test two-2] INFO  base.baseClass - webdriver initialized and browser configured successfully.
10:13:27.739 [TestNG-test-Dummy Test two-2] TRACE base.baseClass - Trace: WebDriver setup completed in setup() method.
10:13:27.739 [TestNG-test-Dummy Test two-2] DEBUG base.baseClass - Debug: WebDriver instance created: java.lang.ThreadLocal@5c286234
10:13:27.742 [TestNG-test-Dummy Test two-2] INFO  base.baseClass - WebDriver instance is created
10:13:27.742 [TestNG-test-Dummy Test two-2] INFO  base.baseClass - ActionDriver instance is created for thread: 44
10:13:27.743 [TestNG-test-Dummy Test two-2] INFO  base.baseClass - Browser setup completed successfully.
10:13:29.415 [TestNG-test-Dummy Test two-3] INFO  base.baseClass - Chrome browser launched successfully.
>>> dummyMethod() called - Thread: 44
10:13:29.701 [TestNG-test-Dummy Test two-4] INFO  base.baseClass - Attempting to click the Dynamic ID button...
Page Title: UI Test Automation Playground
]]></system-out>
    <system-err><![CDATA[SLF4J(W): No SLF4J providers were found.
SLF4J(W): Defaulting to no-operation (NOP) logger implementation
SLF4J(W): See https://www.slf4j.org/codes.html#noProviders for further details.
May 27, 2026 10:13:26 AM org.openqa.selenium.devtools.CdpVersionFinder findNearestMatch
WARNING: Unable to find an exact match for CDP version 148, returning the closest version; found: 144; Please update to a Selenium version that supports CDP version 148
May 27, 2026 10:13:26 AM org.openqa.selenium.devtools.CdpVersionFinder findNearestMatch
WARNING: Unable to find an exact match for CDP version 148, returning the closest version; found: 144; Please update to a Selenium version that supports CDP version 148
May 27, 2026 10:13:26 AM org.openqa.selenium.devtools.CdpVersionFinder findNearestMatch
WARNING: Unable to find an exact match for CDP version 148, returning the closest version; found: 144; Please update to a Selenium version that supports CDP version 148
May 27, 2026 10:13:29 AM org.openqa.selenium.devtools.CdpVersionFinder findNearestMatch
WARNING: Unable to find an exact match for CDP version 148, returning the closest version; found: 144; Please update to a Selenium version that supports CDP version 148
]]></system-err>
  </testcase>
  <testcase name="dummyMethod" classname="tests.DummyClass2" time="1.247">
    <system-out><![CDATA[10:13:30.657 [TestNG-test-Dummy Test two-3] INFO  base.baseClass - webdriver initialized and browser configured successfully.
10:13:30.658 [TestNG-test-Dummy Test two-3] TRACE base.baseClass - Trace: WebDriver setup completed in setup() method.
10:13:30.660 [TestNG-test-Dummy Test two-3] DEBUG base.baseClass - Debug: WebDriver instance created: java.lang.ThreadLocal@5c286234
10:13:30.661 [TestNG-test-Dummy Test two-3] INFO  base.baseClass - WebDriver instance is created
10:13:30.662 [TestNG-test-Dummy Test two-3] INFO  base.baseClass - ActionDriver instance is created for thread: 45
10:13:30.663 [TestNG-test-Dummy Test two-3] INFO  base.baseClass - Browser setup completed successfully.
>>> setUpPages() called - Creating HomePage instance
HomePage instance created successfully: pages.HomePage@59ecf28c
>>> testClassAttribute() called - Thread: 45
Page Title: UI Test Automation Playground
10:13:31.968 [TestNG-test-Dummy Test two-1] INFO  base.baseClass - Browser closed successfully.
10:13:32.112 [TestNG-test-Dummy Test two-4] INFO  base.baseClass - Clicked on element: Element with name:
10:13:32.112 [TestNG-test-Dummy Test two-3] INFO  base.baseClass - Attempting to click the Class Attribute button...
]]></system-out>
  </testcase>
  <testcase name="testClassAttribute" classname="tests.UITestClass" time="5.174">
    <system-out><![CDATA[10:13:32.574 [TestNG-test-Dummy Test two-2] INFO  base.baseClass - Browser closed successfully.
10:13:32.986 [TestNG-test-Dummy Test two-3] INFO  base.baseClass - Clicked on element: Element with name:
10:13:35.237 [TestNG-test-Dummy Test two-3] INFO  base.baseClass - Clicked on element: Element with name:
10:13:35.247 [TestNG-test-Dummy Test two-3] INFO  base.baseClass - Alert text: Primary button pressed
]]></system-out>
  </testcase>
  <testcase name="testDynamicID" classname="tests.UITestClass" time="6.872">
    <system-out><![CDATA[10:13:36.451 [TestNG-test-Dummy Test two-3] INFO  base.baseClass - Browser closed successfully.
10:13:37.481 [TestNG-test-Dummy Test two-4] INFO  base.baseClass - Clicked on element: Element with name:
]]></system-out>
  </testcase>
</testsuite>