<?xml version="1.0" encoding="UTF-8"?>
<testng-results ignored="0" total="4" passed="4" failed="0" skipped="0">
  <reporter-output>
  </reporter-output>
  <suite started-at="2026-05-06T02:17:13 IST" name="UI Test Automation Playground" finished-at="2026-05-06T02:17:39 IST" duration-ms="25665">
    <groups>
    </groups>
    <test started-at="2026-05-06T02:17:13 IST" name="Dummy Test" finished-at="2026-05-06T02:17:29 IST" duration-ms="16439">
      <class name="tests.DummyClass">
        <test-method is-config="true" signature="setup(java.lang.String)[pri:0, instance:tests.DummyClass@3e2059ae]" started-at="2026-05-06T02:17:13 IST" name="setup" finished-at="2026-05-06T02:17:19 IST" duration-ms="5595" status="PASS">
          <params>
            <param index="0">
              <value>
                <![CDATA[chrome]]>
              </value>
            </param>
          </params>
          <reporter-output>
          </reporter-output>
        </test-method> <!-- setup -->
        <test-method signature="dummyMethod()[pri:0, instance:tests.DummyClass@3e2059ae]" started-at="2026-05-06T02:17:19 IST" name="dummyMethod" finished-at="2026-05-06T02:17:21 IST" duration-ms="2052" status="PASS">
          <reporter-output>
          </reporter-output>
        </test-method> <!-- dummyMethod -->
        <test-method is-config="true" signature="tearDown()[pri:0, instance:tests.DummyClass@3e2059ae]" started-at="2026-05-06T02:17:21 IST" name="tearDown" finished-at="2026-05-06T02:17:21 IST" duration-ms="361" status="PASS">
          <reporter-output>
          </reporter-output>
        </test-method> <!-- tearDown -->
      </class> <!-- tests.DummyClass -->
      <class name="tests.DummyClass2">
        <test-method is-config="true" signature="setup(java.lang.String)[pri:0, instance:tests.DummyClass2@4fbe37eb]" started-at="2026-05-06T02:17:21 IST" name="setup" finished-at="2026-05-06T02:17:27 IST" duration-ms="5580" status="PASS">
          <params>
            <param index="0">
              <value>
                <![CDATA[chrome]]>
              </value>
            </param>
          </params>
          <reporter-output>
          </reporter-output>
        </test-method> <!-- setup -->
        <test-method signature="dummyMethod()[pri:0, instance:tests.DummyClass2@4fbe37eb]" started-at="2026-05-06T02:17:27 IST" name="dummyMethod" finished-at="2026-05-06T02:17:29 IST" duration-ms="2045" status="PASS">
          <reporter-output>
          </reporter-output>
        </test-method> <!-- dummyMethod -->
        <test-method is-config="true" signature="tearDown()[pri:0, instance:tests.DummyClass2@4fbe37eb]" started-at="2026-05-06T02:17:29 IST" name="tearDown" finished-at="2026-05-06T02:17:29 IST" duration-ms="753" status="PASS">
          <reporter-output>
          </reporter-output>
        </test-method> <!-- tearDown -->
      </class> <!-- tests.DummyClass2 -->
    </test> <!-- Dummy Test -->
    <test started-at="2026-05-06T02:17:13 IST" name="Dummy Test two" finished-at="2026-05-06T02:17:39 IST" duration-ms="25665">
      <class name="tests.UITestClass">
        <test-method is-config="true" signature="loadconfig()[pri:0, instance:tests.UITestClass@3406472c]" started-at="2026-05-06T02:17:13 IST" name="loadconfig" finished-at="2026-05-06T02:17:13 IST" duration-ms="29" status="PASS">
          <reporter-output>
          </reporter-output>
        </test-method> <!-- loadconfig -->
        <test-method is-config="true" signature="setup(java.lang.String)[pri:0, instance:tests.UITestClass@3406472c]" started-at="2026-05-06T02:17:13 IST" name="setup" finished-at="2026-05-06T02:17:21 IST" duration-ms="7761" status="PASS">
          <params>
            <param index="0">
              <value>
                <![CDATA[firefox]]>
              </value>
            </param>
          </params>
          <reporter-output>
          </reporter-output>
        </test-method> <!-- setup -->
        <test-method is-config="true" signature="setUpPages()[pri:0, instance:tests.UITestClass@3406472c]" started-at="2026-05-06T02:17:21 IST" name="setUpPages" finished-at="2026-05-06T02:17:21 IST" duration-ms="5" status="PASS">
          <reporter-output>
          </reporter-output>
        </test-method> <!-- setUpPages -->
        <test-method signature="testClassAttribute()[pri:0, instance:tests.UITestClass@3406472c]" started-at="2026-05-06T02:17:21 IST" name="testClassAttribute" finished-at="2026-05-06T02:17:24 IST" duration-ms="3194" status="PASS">
          <reporter-output>
          </reporter-output>
        </test-method> <!-- testClassAttribute -->
        <test-method is-config="true" signature="tearDown()[pri:0, instance:tests.UITestClass@3406472c]" started-at="2026-05-06T02:17:24 IST" name="tearDown" finished-at="2026-05-06T02:17:25 IST" duration-ms="857" status="PASS">
          <reporter-output>
          </reporter-output>
        </test-method> <!-- tearDown -->
        <test-method is-config="true" signature="setup(java.lang.String)[pri:0, instance:tests.UITestClass@3406472c]" started-at="2026-05-06T02:17:25 IST" name="setup" finished-at="2026-05-06T02:17:32 IST" duration-ms="6736" status="PASS">
          <params>
            <param index="0">
              <value>
                <![CDATA[firefox]]>
              </value>
            </param>
          </params>
          <reporter-output>
          </reporter-output>
        </test-method> <!-- setup -->
        <test-method is-config="true" signature="setUpPages()[pri:0, instance:tests.UITestClass@3406472c]" started-at="2026-05-06T02:17:32 IST" name="setUpPages" finished-at="2026-05-06T02:17:32 IST" duration-ms="1" status="PASS">
          <reporter-output>
          </reporter-output>
        </test-method> <!-- setUpPages -->
        <test-method signature="testDynamicID()[pri:0, instance:tests.UITestClass@3406472c]" started-at="2026-05-06T02:17:32 IST" name="testDynamicID" finished-at="2026-05-06T02:17:38 IST" duration-ms="6130" status="PASS">
          <reporter-output>
          </reporter-output>
        </test-method> <!-- testDynamicID -->
        <test-method is-config="true" signature="tearDown()[pri:0, instance:tests.UITestClass@3406472c]" started-at="2026-05-06T02:17:38 IST" name="tearDown" finished-at="2026-05-06T02:17:39 IST" duration-ms="933" status="PASS">
          <reporter-output>
          </reporter-output>
        </test-method> <!-- tearDown -->
      </class> <!-- tests.UITestClass -->
    </test> <!-- Dummy Test two -->
  </suite> <!-- UI Test Automation Playground -->
</testng-results>
